<?xml version="1.0" encoding="UTF-8"?>
<!-- Generated by org.testng.reporters.JUnitReportReporter -->
<testsuite hostname="INSUPLTQAPT" failures="1" tests="4" name="testngframeworkbasics.Test_Case_4_TestDependencies" time="0.003" errors="0" timestamp="2025-03-27T00:23:21 IST" skipped="1">
  <testcase classname="testngframeworkbasics.Test_Case_4_TestDependencies" name="turnOnDB" time="0.002"/>
  <system-out>
    <![CDATA[<a href="C:\Users\pthakare\Selenium Testing\eclipse-workspace\SeleniumTesting\screenshots\name.png"> Test Evidence</a>]]>
  </system-out>
  <testcase classname="testngframeworkbasics.Test_Case_4_TestDependencies" name="doSignUp" time="0.000">
    <failure message="User registration unsuccessful" type="java.lang.AssertionError">
      <![CDATA[java.lang.AssertionError: User registration unsuccessful
at org.testng.Assert.fail(Assert.java:99)
at testngframeworkbasics.Test_Case_4_TestDependencies.doSignUp(Test_Case_4_TestDependencies.java:19)
at java.base/jdk.internal.reflect.DirectMethodHandleAccessor.invoke(DirectMethodHandleAccessor.java:103)
at java.base/java.lang.reflect.Method.invoke(Method.java:580)
at org.testng.internal.MethodInvocationHelper.invokeMethod(MethodInvocationHelper.java:133)
at org.testng.internal.TestInvoker.invokeMethod(TestInvoker.java:598)
at org.testng.internal.TestInvoker.invokeTestMethod(TestInvoker.java:173)
at org.testng.internal.MethodRunner.runInSequence(MethodRunner.java:46)
at org.testng.internal.TestInvoker$MethodInvocationAgent.invoke(TestInvoker.java:824)
at org.testng.internal.TestInvoker.invokeTestMethods(TestInvoker.java:146)
at org.testng.internal.TestMethodWorker.invokeTestMethods(TestMethodWorker.java:146)
at org.testng.internal.TestMethodWorker.run(TestMethodWorker.java:128)
at java.base/java.util.ArrayList.forEach(ArrayList.java:1596)
at org.testng.TestRunner.privateRun(TestRunner.java:794)
at org.testng.TestRunner.run(TestRunner.java:596)
at org.testng.SuiteRunner.runTest(SuiteRunner.java:377)
at org.testng.SuiteRunner.runSequentially(SuiteRunner.java:371)
at org.testng.SuiteRunner.privateRun(SuiteRunner.java:332)
at org.testng.SuiteRunner.run(SuiteRunner.java:276)
at org.testng.SuiteRunnerWorker.runSuite(SuiteRunnerWorker.java:53)
at org.testng.SuiteRunnerWorker.run(SuiteRunnerWorker.java:96)
at org.testng.TestNG.runSuitesSequentially(TestNG.java:1212)
at org.testng.TestNG.runSuitesSequentially(TestNG.java:1207)
at org.testng.TestNG.runSuitesLocally(TestNG.java:1134)
at org.testng.TestNG.runSuites(TestNG.java:1063)
at org.testng.TestNG.run(TestNG.java:1031)
at org.testng.remote.AbstractRemoteTestNG.run(AbstractRemoteTestNG.java:115)
at org.testng.remote.RemoteTestNG.initAndRun(RemoteTestNG.java:293)
at org.testng.remote.RemoteTestNG.main(RemoteTestNG.java:91)
]]>
    </failure>
  </testcase> <!-- doSignUp -->
  <system-out>
    <![CDATA[<a href="C:\Users\pthakare\Selenium Testing\eclipse-workspace\SeleniumTesting\screenshots\page.png" target="_blank">Screenshot Captured !!!</a>
<br>
<a href="C:\Users\pthakare\Selenium Testing\eclipse-workspace\SeleniumTesting\screenshots\page.png" target="_blank"><img height=200 width=200 src="C:\Users\pthakare\Selenium Testing\eclipse-workspace\SeleniumTesting\screenshots\page.png"></a>]]>
  </system-out>
  <testcase classname="testngframeworkbasics.Test_Case_4_TestDependencies" name="doLogin" time="0.000">
    <skipped/>
  </testcase> <!-- doLogin -->
  <system-out>
    <![CDATA[Test case skipped !!]]>
  </system-out>
  <testcase classname="testngframeworkbasics.Test_Case_4_TestDependencies" name="turnOffDB" time="0.001"/>
  <system-out>
    <![CDATA[<a href="C:\Users\pthakare\Selenium Testing\eclipse-workspace\SeleniumTesting\screenshots\name.png"> Test Evidence</a>]]>
  </system-out>
</testsuite> <!-- testngframeworkbasics.Test_Case_4_TestDependencies -->
