<?xml version="1.0" encoding="UTF-8"?>
<!-- Generated by org.testng.reporters.JUnitXMLReporter -->
<testsuite ignored="0" hostname="INSUPLTQAPT" failures="1" tests="3" name="AllureReport" time="0.2" errors="0" timestamp="2024-08-11T23:51:10 IST">
  <testcase classname="allurereports.TestCase1" name="doLogin" time="0.057"/>
  <testcase classname="allurereports.TestCase1" name="doLogout" time="0.006">
    <skipped/>
  </testcase> <!-- doLogout -->
  <testcase classname="allurereports.TestCase1" name="doReg" time="0.007">
    <failure type="java.lang.AssertionError" message="Failing this Test">
      <![CDATA[java.lang.AssertionError: Failing this Test
at allurereports.TestCase1.doReg(TestCase1.java:35)
at java.base/java.util.ArrayList.forEach(ArrayList.java:1596)
... Removed 26 stack frames]]>
    </failure>
  </testcase> <!-- doReg -->
</testsuite> <!-- AllureReport -->
