<html>
<head>
<title>TestNG:  Validate Assertions Copy</title>
<link href="../testng.css" rel="stylesheet" type="text/css" />
<link href="../my-testng.css" rel="stylesheet" type="text/css" />

<style type="text/css">
.log { display: none;} 
.stack-trace { display: none;} 
</style>
<script type="text/javascript">
<!--
function flip(e) {
  current = e.style.display;
  if (current == 'block') {
    e.style.display = 'none';
    return 0;
  }
  else {
    e.style.display = 'block';
    return 1;
  }
}

function toggleBox(szDivId, elem, msg1, msg2)
{
  var res = -1;  if (document.getElementById) {
    res = flip(document.getElementById(szDivId));
  }
  else if (document.all) {
    // this is the way old msie versions work
    res = flip(document.all[szDivId]);
  }
  if(elem) {
    if(res == 0) elem.innerHTML = msg1; else elem.innerHTML = msg2;
  }

}

function toggleAllBoxes() {
  if (document.getElementsByTagName) {
    d = document.getElementsByTagName('div');
    for (i = 0; i < d.length; i++) {
      if (d[i].className == 'log') {
        flip(d[i]);
      }
    }
  }
}

// -->
</script>

</head>
<body>
<h2 align='center'>Validate Assertions Copy</h2><table border='1' align="center">
<tr>
<td>Tests passed/Failed/Skipped:</td><td>0/4/0</td>
</tr><tr>
<td>Started on:</td><td>Thu Mar 27 00:23:21 IST 2025</td>
</tr>
<tr><td>Total time:</td><td>0 seconds (9 ms)</td>
</tr><tr>
<td>Included groups:</td><td></td>
</tr><tr>
<td>Excluded groups:</td><td></td>
</tr>
</table><p/>
<small><i>(Hover the method name to see the test class name)</i></small><p/>
<table width='100%' border='1' class='invocation-failed'>
<tr><td colspan='4' align='center'><b>FAILED TESTS</b></td></tr>
<tr><td><b>Test method</b></td>
<td width="30%"><b>Exception</b></td>
<td width="10%"><b>Time (seconds)</b></td>
<td><b>Instance</b></td>
</tr>
<tr>
<td title='copytestngframework.Test_Case_2_Assertions.validateUN()'><b>validateUN</b><br>Test class: copytestngframework.Test_Case_2_Assertions<br/>
<a href="#Output-1187903677" onClick='toggleBox("Output-1187903677", this, "Show output", "Hide output");'>Show output</a>

<a href="#Output-1187903677" onClick="toggleAllBoxes();">Show all outputs</a>
<div class='log' id="Output-1187903677">
<a href="C:\Users\pthakare\Selenium Testing\eclipse-workspace\SeleniumTesting\screenshots\page.png" target="_blank">Screenshot Captured !!!</a><br/>
<br><br/>
<a href="C:\Users\pthakare\Selenium Testing\eclipse-workspace\SeleniumTesting\screenshots\page.png" target="_blank"><img height=200 width=200 src="C:\Users\pthakare\Selenium Testing\eclipse-workspace\SeleniumTesting\screenshots\page.png"></a><br/>
</div>
</td>
<td><div><pre>java.lang.AssertionError: Username is different
	at copytestngframework.Test_Case_2_Assertions.validateUN(Test_Case_2_Assertions.java:20)
	at java.base/java.util.ArrayList.forEach(ArrayList.java:1596)
... Removed 27 stack frames</pre></div><a href='#' onClick='toggleBox("stack-trace1187903677", this, "Click to show all stack frames", "Click to hide stack frames")'>Click to show all stack frames</a>
<div class='stack-trace' id='stack-trace1187903677'><pre>java.lang.AssertionError: Username is different
	at org.testng.Assert.fail(Assert.java:99)
	at copytestngframework.Test_Case_2_Assertions.validateUN(Test_Case_2_Assertions.java:20)
	at java.base/jdk.internal.reflect.DirectMethodHandleAccessor.invoke(DirectMethodHandleAccessor.java:103)
	at java.base/java.lang.reflect.Method.invoke(Method.java:580)
	at org.testng.internal.MethodInvocationHelper.invokeMethod(MethodInvocationHelper.java:133)
	at org.testng.internal.TestInvoker.invokeMethod(TestInvoker.java:598)
	at org.testng.internal.TestInvoker.invokeTestMethod(TestInvoker.java:173)
	at org.testng.internal.MethodRunner.runInSequence(MethodRunner.java:46)
	at org.testng.internal.TestInvoker$MethodInvocationAgent.invoke(TestInvoker.java:824)
	at org.testng.internal.TestInvoker.invokeTestMethods(TestInvoker.java:146)
	at org.testng.internal.TestMethodWorker.invokeTestMethods(TestMethodWorker.java:146)
	at org.testng.internal.TestMethodWorker.run(TestMethodWorker.java:128)
	at java.base/java.util.ArrayList.forEach(ArrayList.java:1596)
	at org.testng.TestRunner.privateRun(TestRunner.java:794)
	at org.testng.TestRunner.run(TestRunner.java:596)
	at org.testng.SuiteRunner.runTest(SuiteRunner.java:377)
	at org.testng.SuiteRunner.runSequentially(SuiteRunner.java:371)
	at org.testng.SuiteRunner.privateRun(SuiteRunner.java:332)
	at org.testng.SuiteRunner.run(SuiteRunner.java:276)
	at org.testng.SuiteRunnerWorker.runSuite(SuiteRunnerWorker.java:53)
	at org.testng.SuiteRunnerWorker.run(SuiteRunnerWorker.java:96)
	at org.testng.TestNG.runSuitesSequentially(TestNG.java:1212)
	at org.testng.TestNG.runSuitesSequentially(TestNG.java:1207)
	at org.testng.TestNG.runSuitesLocally(TestNG.java:1134)
	at org.testng.TestNG.runSuites(TestNG.java:1063)
	at org.testng.TestNG.run(TestNG.java:1031)
	at org.testng.remote.AbstractRemoteTestNG.run(AbstractRemoteTestNG.java:115)
	at org.testng.remote.RemoteTestNG.initAndRun(RemoteTestNG.java:293)
	at org.testng.remote.RemoteTestNG.main(RemoteTestNG.java:91)
</pre></div></td>
<td>0</td>
<td>copytestngframework.Test_Case_2_Assertions@1329eff</td></tr>
<tr>
<td title='copytestngframework.Test_Case_2_Assertions.validateNumbers()'><b>validateNumbers</b><br>Test class: copytestngframework.Test_Case_2_Assertions<br/>
<a href="#Output-775445710" onClick='toggleBox("Output-775445710", this, "Show output", "Hide output");'>Show output</a>

<a href="#Output-775445710" onClick="toggleAllBoxes();">Show all outputs</a>
<div class='log' id="Output-775445710">
<a href="C:\Users\pthakare\Selenium Testing\eclipse-workspace\SeleniumTesting\screenshots\page.png" target="_blank">Screenshot Captured !!!</a><br/>
<br><br/>
<a href="C:\Users\pthakare\Selenium Testing\eclipse-workspace\SeleniumTesting\screenshots\page.png" target="_blank"><img height=200 width=200 src="C:\Users\pthakare\Selenium Testing\eclipse-workspace\SeleniumTesting\screenshots\page.png"></a><br/>
</div>
</td>
<td><div><pre>java.lang.AssertionError: Numbers are same expected [false] but found [true]
	at copytestngframework.Test_Case_2_Assertions.validateNumbers(Test_Case_2_Assertions.java:32)
	at java.base/java.util.ArrayList.forEach(ArrayList.java:1596)
... Removed 29 stack frames</pre></div><a href='#' onClick='toggleBox("stack-trace775445710", this, "Click to show all stack frames", "Click to hide stack frames")'>Click to show all stack frames</a>
<div class='stack-trace' id='stack-trace775445710'><pre>java.lang.AssertionError: Numbers are same expected [false] but found [true]
	at org.testng.Assert.fail(Assert.java:99)
	at org.testng.Assert.failNotEquals(Assert.java:1037)
	at org.testng.Assert.assertFalse(Assert.java:67)
	at copytestngframework.Test_Case_2_Assertions.validateNumbers(Test_Case_2_Assertions.java:32)
	at java.base/jdk.internal.reflect.DirectMethodHandleAccessor.invoke(DirectMethodHandleAccessor.java:103)
	at java.base/java.lang.reflect.Method.invoke(Method.java:580)
	at org.testng.internal.MethodInvocationHelper.invokeMethod(MethodInvocationHelper.java:133)
	at org.testng.internal.TestInvoker.invokeMethod(TestInvoker.java:598)
	at org.testng.internal.TestInvoker.invokeTestMethod(TestInvoker.java:173)
	at org.testng.internal.MethodRunner.runInSequence(MethodRunner.java:46)
	at org.testng.internal.TestInvoker$MethodInvocationAgent.invoke(TestInvoker.java:824)
	at org.testng.internal.TestInvoker.invokeTestMethods(TestInvoker.java:146)
	at org.testng.internal.TestMethodWorker.invokeTestMethods(TestMethodWorker.java:146)
	at org.testng.internal.TestMethodWorker.run(TestMethodWorker.java:128)
	at java.base/java.util.ArrayList.forEach(ArrayList.java:1596)
	at org.testng.TestRunner.privateRun(TestRunner.java:794)
	at org.testng.TestRunner.run(TestRunner.java:596)
	at org.testng.SuiteRunner.runTest(SuiteRunner.java:377)
	at org.testng.SuiteRunner.runSequentially(SuiteRunner.java:371)
	at org.testng.SuiteRunner.privateRun(SuiteRunner.java:332)
	at org.testng.SuiteRunner.run(SuiteRunner.java:276)
	at org.testng.SuiteRunnerWorker.runSuite(SuiteRunnerWorker.java:53)
	at org.testng.SuiteRunnerWorker.run(SuiteRunnerWorker.java:96)
	at org.testng.TestNG.runSuitesSequentially(TestNG.java:1212)
	at org.testng.TestNG.runSuitesSequentially(TestNG.java:1207)
	at org.testng.TestNG.runSuitesLocally(TestNG.java:1134)
	at org.testng.TestNG.runSuites(TestNG.java:1063)
	at org.testng.TestNG.run(TestNG.java:1031)
	at org.testng.remote.AbstractRemoteTestNG.run(AbstractRemoteTestNG.java:115)
	at org.testng.remote.RemoteTestNG.initAndRun(RemoteTestNG.java:293)
	at org.testng.remote.RemoteTestNG.main(RemoteTestNG.java:91)
</pre></div></td>
<td>0</td>
<td>copytestngframework.Test_Case_2_Assertions@1329eff</td></tr>
<tr>
<td title='copytestngframework.Test_Case_2_Assertions.validateImage()'><b>validateImage</b><br>Test class: copytestngframework.Test_Case_2_Assertions<br/>
<a href="#Output-1963862935" onClick='toggleBox("Output-1963862935", this, "Show output", "Hide output");'>Show output</a>

<a href="#Output-1963862935" onClick="toggleAllBoxes();">Show all outputs</a>
<div class='log' id="Output-1963862935">
<a href="C:\Users\pthakare\Selenium Testing\eclipse-workspace\SeleniumTesting\screenshots\page.png" target="_blank">Screenshot Captured !!!</a><br/>
<br><br/>
<a href="C:\Users\pthakare\Selenium Testing\eclipse-workspace\SeleniumTesting\screenshots\page.png" target="_blank"><img height=200 width=200 src="C:\Users\pthakare\Selenium Testing\eclipse-workspace\SeleniumTesting\screenshots\page.png"></a><br/>
</div>
</td>
<td><div><pre>java.lang.AssertionError: Image is missing expected [true] but found [false]
	at copytestngframework.Test_Case_2_Assertions.validateImage(Test_Case_2_Assertions.java:26)
	at java.base/java.util.ArrayList.forEach(ArrayList.java:1596)
... Removed 29 stack frames</pre></div><a href='#' onClick='toggleBox("stack-trace1963862935", this, "Click to show all stack frames", "Click to hide stack frames")'>Click to show all stack frames</a>
<div class='stack-trace' id='stack-trace1963862935'><pre>java.lang.AssertionError: Image is missing expected [true] but found [false]
	at org.testng.Assert.fail(Assert.java:99)
	at org.testng.Assert.failNotEquals(Assert.java:1037)
	at org.testng.Assert.assertTrue(Assert.java:45)
	at copytestngframework.Test_Case_2_Assertions.validateImage(Test_Case_2_Assertions.java:26)
	at java.base/jdk.internal.reflect.DirectMethodHandleAccessor.invoke(DirectMethodHandleAccessor.java:103)
	at java.base/java.lang.reflect.Method.invoke(Method.java:580)
	at org.testng.internal.MethodInvocationHelper.invokeMethod(MethodInvocationHelper.java:133)
	at org.testng.internal.TestInvoker.invokeMethod(TestInvoker.java:598)
	at org.testng.internal.TestInvoker.invokeTestMethod(TestInvoker.java:173)
	at org.testng.internal.MethodRunner.runInSequence(MethodRunner.java:46)
	at org.testng.internal.TestInvoker$MethodInvocationAgent.invoke(TestInvoker.java:824)
	at org.testng.internal.TestInvoker.invokeTestMethods(TestInvoker.java:146)
	at org.testng.internal.TestMethodWorker.invokeTestMethods(TestMethodWorker.java:146)
	at org.testng.internal.TestMethodWorker.run(TestMethodWorker.java:128)
	at java.base/java.util.ArrayList.forEach(ArrayList.java:1596)
	at org.testng.TestRunner.privateRun(TestRunner.java:794)
	at org.testng.TestRunner.run(TestRunner.java:596)
	at org.testng.SuiteRunner.runTest(SuiteRunner.java:377)
	at org.testng.SuiteRunner.runSequentially(SuiteRunner.java:371)
	at org.testng.SuiteRunner.privateRun(SuiteRunner.java:332)
	at org.testng.SuiteRunner.run(SuiteRunner.java:276)
	at org.testng.SuiteRunnerWorker.runSuite(SuiteRunnerWorker.java:53)
	at org.testng.SuiteRunnerWorker.run(SuiteRunnerWorker.java:96)
	at org.testng.TestNG.runSuitesSequentially(TestNG.java:1212)
	at org.testng.TestNG.runSuitesSequentially(TestNG.java:1207)
	at org.testng.TestNG.runSuitesLocally(TestNG.java:1134)
	at org.testng.TestNG.runSuites(TestNG.java:1063)
	at org.testng.TestNG.run(TestNG.java:1031)
	at org.testng.remote.AbstractRemoteTestNG.run(AbstractRemoteTestNG.java:115)
	at org.testng.remote.RemoteTestNG.initAndRun(RemoteTestNG.java:293)
	at org.testng.remote.RemoteTestNG.main(RemoteTestNG.java:91)
</pre></div></td>
<td>0</td>
<td>copytestngframework.Test_Case_2_Assertions@1329eff</td></tr>
<tr>
<td title='copytestngframework.Test_Case_2_Assertions.validateTitle()'><b>validateTitle</b><br>Test class: copytestngframework.Test_Case_2_Assertions<br/>
<a href="#Output-696933920" onClick='toggleBox("Output-696933920", this, "Show output", "Hide output");'>Show output</a>

<a href="#Output-696933920" onClick="toggleAllBoxes();">Show all outputs</a>
<div class='log' id="Output-696933920">
<a href="C:\Users\pthakare\Selenium Testing\eclipse-workspace\SeleniumTesting\screenshots\page.png" target="_blank">Screenshot Captured !!!</a><br/>
<br><br/>
<a href="C:\Users\pthakare\Selenium Testing\eclipse-workspace\SeleniumTesting\screenshots\page.png" target="_blank"><img height=200 width=200 src="C:\Users\pthakare\Selenium Testing\eclipse-workspace\SeleniumTesting\screenshots\page.png"></a><br/>
</div>
</td>
<td><div><pre>java.lang.AssertionError: expected [Webuy.com] but found [Google.com]
	at copytestngframework.Test_Case_2_Assertions.validateTitle(Test_Case_2_Assertions.java:14)
	at java.base/java.util.ArrayList.forEach(ArrayList.java:1596)
... Removed 32 stack frames</pre></div><a href='#' onClick='toggleBox("stack-trace696933920", this, "Click to show all stack frames", "Click to hide stack frames")'>Click to show all stack frames</a>
<div class='stack-trace' id='stack-trace696933920'><pre>java.lang.AssertionError: expected [Webuy.com] but found [Google.com]
	at org.testng.Assert.fail(Assert.java:99)
	at org.testng.Assert.failNotEquals(Assert.java:1037)
	at org.testng.Assert.assertEqualsImpl(Assert.java:140)
	at org.testng.Assert.assertEquals(Assert.java:122)
	at org.testng.Assert.assertEquals(Assert.java:629)
	at org.testng.Assert.assertEquals(Assert.java:639)
	at copytestngframework.Test_Case_2_Assertions.validateTitle(Test_Case_2_Assertions.java:14)
	at java.base/jdk.internal.reflect.DirectMethodHandleAccessor.invoke(DirectMethodHandleAccessor.java:103)
	at java.base/java.lang.reflect.Method.invoke(Method.java:580)
	at org.testng.internal.MethodInvocationHelper.invokeMethod(MethodInvocationHelper.java:133)
	at org.testng.internal.TestInvoker.invokeMethod(TestInvoker.java:598)
	at org.testng.internal.TestInvoker.invokeTestMethod(TestInvoker.java:173)
	at org.testng.internal.MethodRunner.runInSequence(MethodRunner.java:46)
	at org.testng.internal.TestInvoker$MethodInvocationAgent.invoke(TestInvoker.java:824)
	at org.testng.internal.TestInvoker.invokeTestMethods(TestInvoker.java:146)
	at org.testng.internal.TestMethodWorker.invokeTestMethods(TestMethodWorker.java:146)
	at org.testng.internal.TestMethodWorker.run(TestMethodWorker.java:128)
	at java.base/java.util.ArrayList.forEach(ArrayList.java:1596)
	at org.testng.TestRunner.privateRun(TestRunner.java:794)
	at org.testng.TestRunner.run(TestRunner.java:596)
	at org.testng.SuiteRunner.runTest(SuiteRunner.java:377)
	at org.testng.SuiteRunner.runSequentially(SuiteRunner.java:371)
	at org.testng.SuiteRunner.privateRun(SuiteRunner.java:332)
	at org.testng.SuiteRunner.run(SuiteRunner.java:276)
	at org.testng.SuiteRunnerWorker.runSuite(SuiteRunnerWorker.java:53)
	at org.testng.SuiteRunnerWorker.run(SuiteRunnerWorker.java:96)
	at org.testng.TestNG.runSuitesSequentially(TestNG.java:1212)
	at org.testng.TestNG.runSuitesSequentially(TestNG.java:1207)
	at org.testng.TestNG.runSuitesLocally(TestNG.java:1134)
	at org.testng.TestNG.runSuites(TestNG.java:1063)
	at org.testng.TestNG.run(TestNG.java:1031)
	at org.testng.remote.AbstractRemoteTestNG.run(AbstractRemoteTestNG.java:115)
	at org.testng.remote.RemoteTestNG.initAndRun(RemoteTestNG.java:293)
	at org.testng.remote.RemoteTestNG.main(RemoteTestNG.java:91)
</pre></div></td>
<td>0</td>
<td>copytestngframework.Test_Case_2_Assertions@1329eff</td></tr>
</table><p>
</body>
</html>