<!doctype html>
<html lang="">
<head>
    <meta charset="UTF-8">
    <meta name="viewport"
          content="width=device-width, user-scalable=no, initial-scale=1.0, maximum-scale=1.0, minimum-scale=1.0">
    <meta http-equiv="X-UA-Compatible" content="ie=edge">
    <title>Test Results Report - Validate Assertions</title>

    <link href="reportng.css" rel="stylesheet" type="text/css"/>
</head>
<body>
<div id="meta">
Generated by <a href="http://www.testng.org" target="_blank">TestNG</a> with <a href="https://github.com/testng-team/reportng" target="_blank">ReportNG</a>
at 00:48 IST on Saturday 20 July 2024
    <br/><span
    id="systemInfo">pthakare@INSUPLTQAPT&nbsp;/&nbsp;Java 21.0.2 (Oracle Corporation)&nbsp;/&nbsp;Windows 11 10.0 (amd64)</span>
</div>
<h1>Validate Assertions</h1>

<p>
    <a href="index.html">Suites</a>
        &#183; <a href="output.html">Log Output</a>
</p>

<p>Test duration
    : 0.012s</p>


    <table class="resultsTable">
        <tr>
            <th colspan="3" class="header failed">Failed Tests</th>
        </tr>
            <tr>
                <td class="group" colspan="3">testngframework.Test_Case_2_Assertions</td>
            </tr>
    <tr>
        <td class="method">
                validateImage
        </td>
        <td class="duration">
            0.009s
        </td>
        <td class="result">
            <!-- Display the dependencies for skipped test methods -->


            <!-- Show logger output for the test -->
                <div class="testOutput">
                            &lt;a href=&quot;C:\Users\pthakare\Selenium Testing\eclipse-workspace\SeleniumTesting\screenshots\page.png&quot; target=&quot;_blank&quot;&gt;Screenshot Captured !!!&lt;/a&gt;<br/>
                            &lt;br&gt;<br/>
                            &lt;a href=&quot;C:\Users\pthakare\Selenium Testing\eclipse-workspace\SeleniumTesting\screenshots\page.png&quot; target=&quot;_blank&quot;&gt;&lt;img height=200 width=200 src=&quot;C:\Users\pthakare\Selenium Testing\eclipse-workspace\SeleniumTesting\screenshots\page.png&quot;&gt;&lt;/a&gt;<br/>
                </div>

                <a href="javascript:toggleElement('exception-0', 'block')"
                   title="Click to expand/collapse">
                    <b>java.lang.AssertionError: Image is missing expected [true] but found [false]</b>
                </a>
                <br/>
                <div class="stackTrace" id="exception-0">
                        org.testng.Assert.fail(Assert.java:111)<br/>
                        org.testng.Assert.failNotEquals(Assert.java:1578)<br/>
                        org.testng.Assert.assertTrue(Assert.java:57)<br/>
                        testngframework.Test_Case_2_Assertions.validateImage(Test_Case_2_Assertions.java:26)<br/>
                        java.base/jdk.internal.reflect.DirectMethodHandleAccessor.invoke(DirectMethodHandleAccessor.java:103)<br/>
                        java.base/java.lang.reflect.Method.invoke(Method.java:580)<br/>
                        org.testng.internal.invokers.MethodInvocationHelper.invokeMethod(MethodInvocationHelper.java:141)<br/>
                        org.testng.internal.invokers.TestInvoker.invokeMethod(TestInvoker.java:686)<br/>
                        org.testng.internal.invokers.TestInvoker.invokeTestMethod(TestInvoker.java:230)<br/>
                        org.testng.internal.invokers.MethodRunner.runInSequence(MethodRunner.java:63)<br/>
                        org.testng.internal.invokers.TestInvoker$MethodInvocationAgent.invoke(TestInvoker.java:992)<br/>
                        org.testng.internal.invokers.TestInvoker.invokeTestMethods(TestInvoker.java:203)<br/>
                        org.testng.internal.invokers.TestMethodWorker.invokeTestMethods(TestMethodWorker.java:154)<br/>
                        org.testng.internal.invokers.TestMethodWorker.run(TestMethodWorker.java:134)<br/>
                        java.base/java.util.ArrayList.forEach(ArrayList.java:1596)<br/>
                        org.testng.TestRunner.privateRun(TestRunner.java:739)<br/>
                        org.testng.TestRunner.run(TestRunner.java:614)<br/>
                        org.testng.SuiteRunner.runTest(SuiteRunner.java:421)<br/>
                        org.testng.SuiteRunner.runSequentially(SuiteRunner.java:413)<br/>
                        org.testng.SuiteRunner.privateRun(SuiteRunner.java:373)<br/>
                        org.testng.SuiteRunner.run(SuiteRunner.java:312)<br/>
                        org.testng.SuiteRunnerWorker.runSuite(SuiteRunnerWorker.java:52)<br/>
                        org.testng.SuiteRunnerWorker.run(SuiteRunnerWorker.java:95)<br/>
                        org.testng.TestNG.runSuitesSequentially(TestNG.java:1274)<br/>
                        org.testng.TestNG.runSuitesLocally(TestNG.java:1208)<br/>
                        org.testng.TestNG.runSuites(TestNG.java:1112)<br/>
                        org.testng.TestNG.run(TestNG.java:1079)<br/>
                        org.testng.remote.AbstractRemoteTestNG.run(AbstractRemoteTestNG.java:115)<br/>
                        org.testng.remote.RemoteTestNG.initAndRun(RemoteTestNG.java:293)<br/>
                        org.testng.remote.RemoteTestNG.main(RemoteTestNG.java:91)<br/>
                </div>
        </td>
    </tr>
    <tr>
        <td class="method">
                validateNumbers
        </td>
        <td class="duration">
            0.001s
        </td>
        <td class="result">
            <!-- Display the dependencies for skipped test methods -->


            <!-- Show logger output for the test -->
                <div class="testOutput">
                            &lt;a href=&quot;C:\Users\pthakare\Selenium Testing\eclipse-workspace\SeleniumTesting\screenshots\page.png&quot; target=&quot;_blank&quot;&gt;Screenshot Captured !!!&lt;/a&gt;<br/>
                            &lt;br&gt;<br/>
                            &lt;a href=&quot;C:\Users\pthakare\Selenium Testing\eclipse-workspace\SeleniumTesting\screenshots\page.png&quot; target=&quot;_blank&quot;&gt;&lt;img height=200 width=200 src=&quot;C:\Users\pthakare\Selenium Testing\eclipse-workspace\SeleniumTesting\screenshots\page.png&quot;&gt;&lt;/a&gt;<br/>
                </div>

                <a href="javascript:toggleElement('exception-1', 'block')"
                   title="Click to expand/collapse">
                    <b>java.lang.AssertionError: Numbers are same expected [false] but found [true]</b>
                </a>
                <br/>
                <div class="stackTrace" id="exception-1">
                        org.testng.Assert.fail(Assert.java:111)<br/>
                        org.testng.Assert.failNotEquals(Assert.java:1578)<br/>
                        org.testng.Assert.assertFalse(Assert.java:79)<br/>
                        testngframework.Test_Case_2_Assertions.validateNumbers(Test_Case_2_Assertions.java:32)<br/>
                        java.base/jdk.internal.reflect.DirectMethodHandleAccessor.invoke(DirectMethodHandleAccessor.java:103)<br/>
                        java.base/java.lang.reflect.Method.invoke(Method.java:580)<br/>
                        org.testng.internal.invokers.MethodInvocationHelper.invokeMethod(MethodInvocationHelper.java:141)<br/>
                        org.testng.internal.invokers.TestInvoker.invokeMethod(TestInvoker.java:686)<br/>
                        org.testng.internal.invokers.TestInvoker.invokeTestMethod(TestInvoker.java:230)<br/>
                        org.testng.internal.invokers.MethodRunner.runInSequence(MethodRunner.java:63)<br/>
                        org.testng.internal.invokers.TestInvoker$MethodInvocationAgent.invoke(TestInvoker.java:992)<br/>
                        org.testng.internal.invokers.TestInvoker.invokeTestMethods(TestInvoker.java:203)<br/>
                        org.testng.internal.invokers.TestMethodWorker.invokeTestMethods(TestMethodWorker.java:154)<br/>
                        org.testng.internal.invokers.TestMethodWorker.run(TestMethodWorker.java:134)<br/>
                        java.base/java.util.ArrayList.forEach(ArrayList.java:1596)<br/>
                        org.testng.TestRunner.privateRun(TestRunner.java:739)<br/>
                        org.testng.TestRunner.run(TestRunner.java:614)<br/>
                        org.testng.SuiteRunner.runTest(SuiteRunner.java:421)<br/>
                        org.testng.SuiteRunner.runSequentially(SuiteRunner.java:413)<br/>
                        org.testng.SuiteRunner.privateRun(SuiteRunner.java:373)<br/>
                        org.testng.SuiteRunner.run(SuiteRunner.java:312)<br/>
                        org.testng.SuiteRunnerWorker.runSuite(SuiteRunnerWorker.java:52)<br/>
                        org.testng.SuiteRunnerWorker.run(SuiteRunnerWorker.java:95)<br/>
                        org.testng.TestNG.runSuitesSequentially(TestNG.java:1274)<br/>
                        org.testng.TestNG.runSuitesLocally(TestNG.java:1208)<br/>
                        org.testng.TestNG.runSuites(TestNG.java:1112)<br/>
                        org.testng.TestNG.run(TestNG.java:1079)<br/>
                        org.testng.remote.AbstractRemoteTestNG.run(AbstractRemoteTestNG.java:115)<br/>
                        org.testng.remote.RemoteTestNG.initAndRun(RemoteTestNG.java:293)<br/>
                        org.testng.remote.RemoteTestNG.main(RemoteTestNG.java:91)<br/>
                </div>
        </td>
    </tr>
    <tr>
        <td class="method">
                validateTitle
        </td>
        <td class="duration">
            0.001s
        </td>
        <td class="result">
            <!-- Display the dependencies for skipped test methods -->


            <!-- Show logger output for the test -->
                <div class="testOutput">
                            &lt;a href=&quot;C:\Users\pthakare\Selenium Testing\eclipse-workspace\SeleniumTesting\screenshots\page.png&quot; target=&quot;_blank&quot;&gt;Screenshot Captured !!!&lt;/a&gt;<br/>
                            &lt;br&gt;<br/>
                            &lt;a href=&quot;C:\Users\pthakare\Selenium Testing\eclipse-workspace\SeleniumTesting\screenshots\page.png&quot; target=&quot;_blank&quot;&gt;&lt;img height=200 width=200 src=&quot;C:\Users\pthakare\Selenium Testing\eclipse-workspace\SeleniumTesting\screenshots\page.png&quot;&gt;&lt;/a&gt;<br/>
                </div>

                <a href="javascript:toggleElement('exception-2', 'block')"
                   title="Click to expand/collapse">
                    <b>java.lang.AssertionError: expected [Webuy.com] but found [Google.com]</b>
                </a>
                <br/>
                <div class="stackTrace" id="exception-2">
                        org.testng.Assert.fail(Assert.java:111)<br/>
                        org.testng.Assert.failNotEquals(Assert.java:1578)<br/>
                        org.testng.Assert.assertEqualsImpl(Assert.java:150)<br/>
                        org.testng.Assert.assertEquals(Assert.java:132)<br/>
                        org.testng.Assert.assertEquals(Assert.java:656)<br/>
                        org.testng.Assert.assertEquals(Assert.java:666)<br/>
                        testngframework.Test_Case_2_Assertions.validateTitle(Test_Case_2_Assertions.java:14)<br/>
                        java.base/jdk.internal.reflect.DirectMethodHandleAccessor.invoke(DirectMethodHandleAccessor.java:103)<br/>
                        java.base/java.lang.reflect.Method.invoke(Method.java:580)<br/>
                        org.testng.internal.invokers.MethodInvocationHelper.invokeMethod(MethodInvocationHelper.java:141)<br/>
                        org.testng.internal.invokers.TestInvoker.invokeMethod(TestInvoker.java:686)<br/>
                        org.testng.internal.invokers.TestInvoker.invokeTestMethod(TestInvoker.java:230)<br/>
                        org.testng.internal.invokers.MethodRunner.runInSequence(MethodRunner.java:63)<br/>
                        org.testng.internal.invokers.TestInvoker$MethodInvocationAgent.invoke(TestInvoker.java:992)<br/>
                        org.testng.internal.invokers.TestInvoker.invokeTestMethods(TestInvoker.java:203)<br/>
                        org.testng.internal.invokers.TestMethodWorker.invokeTestMethods(TestMethodWorker.java:154)<br/>
                        org.testng.internal.invokers.TestMethodWorker.run(TestMethodWorker.java:134)<br/>
                        java.base/java.util.ArrayList.forEach(ArrayList.java:1596)<br/>
                        org.testng.TestRunner.privateRun(TestRunner.java:739)<br/>
                        org.testng.TestRunner.run(TestRunner.java:614)<br/>
                        org.testng.SuiteRunner.runTest(SuiteRunner.java:421)<br/>
                        org.testng.SuiteRunner.runSequentially(SuiteRunner.java:413)<br/>
                        org.testng.SuiteRunner.privateRun(SuiteRunner.java:373)<br/>
                        org.testng.SuiteRunner.run(SuiteRunner.java:312)<br/>
                        org.testng.SuiteRunnerWorker.runSuite(SuiteRunnerWorker.java:52)<br/>
                        org.testng.SuiteRunnerWorker.run(SuiteRunnerWorker.java:95)<br/>
                        org.testng.TestNG.runSuitesSequentially(TestNG.java:1274)<br/>
                        org.testng.TestNG.runSuitesLocally(TestNG.java:1208)<br/>
                        org.testng.TestNG.runSuites(TestNG.java:1112)<br/>
                        org.testng.TestNG.run(TestNG.java:1079)<br/>
                        org.testng.remote.AbstractRemoteTestNG.run(AbstractRemoteTestNG.java:115)<br/>
                        org.testng.remote.RemoteTestNG.initAndRun(RemoteTestNG.java:293)<br/>
                        org.testng.remote.RemoteTestNG.main(RemoteTestNG.java:91)<br/>
                </div>
        </td>
    </tr>
    <tr>
        <td class="method">
                validateUN
        </td>
        <td class="duration">
            0.001s
        </td>
        <td class="result">
            <!-- Display the dependencies for skipped test methods -->


            <!-- Show logger output for the test -->
                <div class="testOutput">
                            &lt;a href=&quot;C:\Users\pthakare\Selenium Testing\eclipse-workspace\SeleniumTesting\screenshots\page.png&quot; target=&quot;_blank&quot;&gt;Screenshot Captured !!!&lt;/a&gt;<br/>
                            &lt;br&gt;<br/>
                            &lt;a href=&quot;C:\Users\pthakare\Selenium Testing\eclipse-workspace\SeleniumTesting\screenshots\page.png&quot; target=&quot;_blank&quot;&gt;&lt;img height=200 width=200 src=&quot;C:\Users\pthakare\Selenium Testing\eclipse-workspace\SeleniumTesting\screenshots\page.png&quot;&gt;&lt;/a&gt;<br/>
                </div>

                <a href="javascript:toggleElement('exception-3', 'block')"
                   title="Click to expand/collapse">
                    <b>java.lang.AssertionError: Username is different</b>
                </a>
                <br/>
                <div class="stackTrace" id="exception-3">
                        org.testng.Assert.fail(Assert.java:111)<br/>
                        testngframework.Test_Case_2_Assertions.validateUN(Test_Case_2_Assertions.java:20)<br/>
                        java.base/jdk.internal.reflect.DirectMethodHandleAccessor.invoke(DirectMethodHandleAccessor.java:103)<br/>
                        java.base/java.lang.reflect.Method.invoke(Method.java:580)<br/>
                        org.testng.internal.invokers.MethodInvocationHelper.invokeMethod(MethodInvocationHelper.java:141)<br/>
                        org.testng.internal.invokers.TestInvoker.invokeMethod(TestInvoker.java:686)<br/>
                        org.testng.internal.invokers.TestInvoker.invokeTestMethod(TestInvoker.java:230)<br/>
                        org.testng.internal.invokers.MethodRunner.runInSequence(MethodRunner.java:63)<br/>
                        org.testng.internal.invokers.TestInvoker$MethodInvocationAgent.invoke(TestInvoker.java:992)<br/>
                        org.testng.internal.invokers.TestInvoker.invokeTestMethods(TestInvoker.java:203)<br/>
                        org.testng.internal.invokers.TestMethodWorker.invokeTestMethods(TestMethodWorker.java:154)<br/>
                        org.testng.internal.invokers.TestMethodWorker.run(TestMethodWorker.java:134)<br/>
                        java.base/java.util.ArrayList.forEach(ArrayList.java:1596)<br/>
                        org.testng.TestRunner.privateRun(TestRunner.java:739)<br/>
                        org.testng.TestRunner.run(TestRunner.java:614)<br/>
                        org.testng.SuiteRunner.runTest(SuiteRunner.java:421)<br/>
                        org.testng.SuiteRunner.runSequentially(SuiteRunner.java:413)<br/>
                        org.testng.SuiteRunner.privateRun(SuiteRunner.java:373)<br/>
                        org.testng.SuiteRunner.run(SuiteRunner.java:312)<br/>
                        org.testng.SuiteRunnerWorker.runSuite(SuiteRunnerWorker.java:52)<br/>
                        org.testng.SuiteRunnerWorker.run(SuiteRunnerWorker.java:95)<br/>
                        org.testng.TestNG.runSuitesSequentially(TestNG.java:1274)<br/>
                        org.testng.TestNG.runSuitesLocally(TestNG.java:1208)<br/>
                        org.testng.TestNG.runSuites(TestNG.java:1112)<br/>
                        org.testng.TestNG.run(TestNG.java:1079)<br/>
                        org.testng.remote.AbstractRemoteTestNG.run(AbstractRemoteTestNG.java:115)<br/>
                        org.testng.remote.RemoteTestNG.initAndRun(RemoteTestNG.java:293)<br/>
                        org.testng.remote.RemoteTestNG.main(RemoteTestNG.java:91)<br/>
                </div>
        </td>
    </tr>
    </table>



<script type="text/javascript" src="reportng.js"></script>
</body>
