<!DOCTYPE html PUBLIC "-//W3C//DTD XHTML 1.1//EN" "https://www.w3.org/TR/xhtml11/DTD/xhtml11.dtd">
<html xmlns="https://www.w3.org/1999/xhtml">
<head>
<meta http-equiv="content-type" content="text/html; charset=UTF-8"/>
<title>TestNG Report</title>
<style type="text/css">table {margin-bottom:10px;border-collapse:collapse;empty-cells:show}th,td {border:1px solid #009;padding:.25em .5em}th {vertical-align:bottom}td {vertical-align:top}table a {font-weight:bold}.stripe td {background-color: #E6EBF9}.num {text-align:right}.passedodd td {background-color: #3F3}.passedeven td {background-color: #0A0}.skippedodd td {background-color: #DDD}.skippedeven td {background-color: #CCC}.failedodd td,.attn {background-color: #F33}.failedeven td,.stripe .attn {background-color: #D00}.stacktrace {white-space:pre;font-family:monospace}.totop {font-size:85%;text-align:center;border-bottom:2px solid #000}.invisible {display:none}</style>
</head>
<body>
<table>
<tr><th>Test</th><th># Passed</th><th># Skipped</th><th># Retried</th><th># Failed</th><th>Time (ms)</th><th>Included Groups</th><th>Excluded Groups</th></tr>
<tr><th colspan="8">Data Driven Basics</th></tr>
<tr><td><a href="#t0">BankManagerLogin</a></td><td class="num">0</td><td class="num">0</td><td class="num">0</td><td class="num attn">1</td><td class="num">216</td><td></td><td></td></tr>
<tr class="stripe"><td><a href="#t1">NewCustomerCreation</a></td><td class="num">0</td><td class="num">0</td><td class="num">0</td><td class="num attn">1</td><td class="num">455</td><td></td><td></td></tr>
<tr><th>Total</th><th class="num">0</th><th class="num">0</th><th class="num">0</th><th class="num attn">2</th><th class="num">671</th><th colspan="2"></th></tr>
</table>
<table id='summary'><thead><tr><th>Class</th><th>Method</th><th>Start</th><th>Time (ms)</th></tr></thead><tbody><tr><th colspan="4">Data Driven Basics</th></tr></tbody><tbody id="t0"><tr><th colspan="4">BankManagerLogin &#8212; failed</th></tr><tr class="failedeven"><td rowspan="1">testcases.BankManagerLogin</td><td><a href="#m0">loginAsBankManager</a></td><td rowspan="1">1728819285964</td><td rowspan="1">172</td></tr></tbody>
<tbody id="t1"><tr><th colspan="4">NewCustomerCreation &#8212; failed</th></tr><tr class="failedeven"><td rowspan="1">testcases.NewCustomerCreation</td><td><a href="#m1">addCustomer</a></td><td rowspan="1">1728819286188</td><td rowspan="1">438</td></tr></tbody>
</table>
<h2>BankManagerLogin</h2><h3 id="m0">testcases.BankManagerLogin#loginAsBankManager</h3><table class="result"><tr><th>Messages</th></tr><tr><td><div class="messages">Capturing screenshot for failed cases<br/><a target="_blank" href="C:\Users\pthakare\Selenium Testing\Images\error.jpg">Screenshot</a><br/><br><br/><a target="_blank" href="C:\Users\pthakare\Selenium Testing\Images\error.jpg"><img src="C:\Users\pthakare\Selenium Testing\Images\error.jpg" height=200 width=200></img></a></div></td></tr><tr><th>Exception</th></tr><tr><td><div class="stacktrace">java.lang.AssertionError: Failing login test focefully
	at testcases.BankManagerLogin.loginAsBankManager(BankManagerLogin.java:19)
	at java.base/java.util.ArrayList.forEach(ArrayList.java:1596)
... Removed 26 stack frames</div></td></tr></table><p class="totop"><a href="#summary">back to summary</a></p>
<h2>NewCustomerCreation</h2><h3 id="m1">testcases.NewCustomerCreation#addCustomer</h3><table class="result"><tr class="param"><th>Parameter #1</th><th>Parameter #2</th><th>Parameter #3</th><th>Parameter #4</th></tr><tr class="param stripe"><td>Vaibhav</td><td>Patil</td><td>421302.0</td><td>Customer added successfully</td></tr><tr><th colspan="4">Messages</th></tr><tr><td colspan="4"><div class="messages">Capturing screenshot for failed cases<br/><a target="_blank" href="C:\Users\pthakare\Selenium Testing\Images\error.jpg">Screenshot</a><br/><br><br/><a target="_blank" href="C:\Users\pthakare\Selenium Testing\Images\error.jpg"><img src="C:\Users\pthakare\Selenium Testing\Images\error.jpg" height=200 width=200></img></a></div></td></tr><tr><th colspan="4">Exception</th></tr><tr><td colspan="4"><div class="stacktrace">java.lang.AssertionError: Failing new customer test focefully
	at testcases.NewCustomerCreation.addCustomer(NewCustomerCreation.java:29)
	at java.base/java.util.ArrayList.forEach(ArrayList.java:1596)
... Removed 26 stack frames</div></td></tr></table><p class="totop"><a href="#summary">back to summary</a></p>
</body>
</html>
