<?xml version="1.0" encoding="UTF-8"?>
<!-- Generated by org.testng.reporters.JUnitXMLReporter -->
<testsuite ignored="0" hostname="INSUPLTQAPT" failures="1" tests="1" name="SoftAssertions" time="0.009" errors="0" timestamp="2024-07-16T23:56:43 IST">
  <testcase classname="testngframework.Test_Case_3_SoftAssertions" name="validateImageUNTitle" time="0.006">
    <failure type="java.lang.AssertionError" message="The following asserts failed:
	Image Mismatched expected [true] but found [false],
	UN Mismatched expected [true] but found [false],
	Title Mismatched expected [Webuy.com] but found [Google.com]">
      <![CDATA[java.lang.AssertionError: The following asserts failed:
Image Mismatched expected [true] but found [false],
UN Mismatched expected [true] but found [false],
Title Mismatched expected [Webuy.com] but found [Google.com]
at testngframework.Test_Case_3_SoftAssertions.validateImageUNTitle(Test_Case_3_SoftAssertions.java:30)
at java.base/java.util.ArrayList.forEach(ArrayList.java:1596)
... Removed 27 stack frames]]>
    </failure>
  </testcase> <!-- validateImageUNTitle -->
</testsuite> <!-- SoftAssertions -->
