<?xml version="1.0" encoding="UTF-8"?>
<!-- Generated by org.testng.reporters.JUnitXMLReporter -->
<testsuite ignored="0" hostname="INSUPLTQAPT" failures="4" tests="4" name="Validate Assertions" time="0.018" errors="0" timestamp="2025-03-27T00:23:21 IST">
  <testcase classname="testngframeworkbasics.Test_Case_2_Assertions" name="validateImage" time="0.004">
    <failure type="java.lang.AssertionError" message="Image is missing expected [true] but found [false]">
      <![CDATA[java.lang.AssertionError: Image is missing expected [true] but found [false]
at testngframeworkbasics.Test_Case_2_Assertions.validateImage(Test_Case_2_Assertions.java:26)
at java.base/java.util.ArrayList.forEach(ArrayList.java:1596)
... Removed 29 stack frames]]>
    </failure>
  </testcase> <!-- validateImage -->
  <testcase classname="testngframeworkbasics.Test_Case_2_Assertions" name="validateNumbers" time="0.002">
    <failure type="java.lang.AssertionError" message="Numbers are same expected [false] but found [true]">
      <![CDATA[java.lang.AssertionError: Numbers are same expected [false] but found [true]
at testngframeworkbasics.Test_Case_2_Assertions.validateNumbers(Test_Case_2_Assertions.java:32)
at java.base/java.util.ArrayList.forEach(ArrayList.java:1596)
... Removed 29 stack frames]]>
    </failure>
  </testcase> <!-- validateNumbers -->
  <testcase classname="testngframeworkbasics.Test_Case_2_Assertions" name="validateTitle" time="0.001">
    <failure type="java.lang.AssertionError" message="expected [Webuy.com] but found [Google.com]">
      <![CDATA[java.lang.AssertionError: expected [Webuy.com] but found [Google.com]
at testngframeworkbasics.Test_Case_2_Assertions.validateTitle(Test_Case_2_Assertions.java:14)
at java.base/java.util.ArrayList.forEach(ArrayList.java:1596)
... Removed 32 stack frames]]>
    </failure>
  </testcase> <!-- validateTitle -->
  <testcase classname="testngframeworkbasics.Test_Case_2_Assertions" name="validateUN" time="0.001">
    <failure type="java.lang.AssertionError" message="Username is different">
      <![CDATA[java.lang.AssertionError: Username is different
at testngframeworkbasics.Test_Case_2_Assertions.validateUN(Test_Case_2_Assertions.java:20)
at java.base/java.util.ArrayList.forEach(ArrayList.java:1596)
... Removed 27 stack frames]]>
    </failure>
  </testcase> <!-- validateUN -->
</testsuite> <!-- Validate Assertions -->
