<?xml version="1.0" encoding="UTF-8"?>
<!-- Generated by org.testng.reporters.JUnitXMLReporter -->
<testsuite ignored="0" hostname="INSUPLTQAPT" failures="4" tests="4" name="Assertions" time="0.031" errors="0" timestamp="2024-07-16T23:56:43 IST">
  <testcase classname="testngframework.Test_Case_2_Assertions" name="validateImage" time="0.008">
    <failure type="java.lang.AssertionError" message="Image is missing expected [true] but found [false]">
      <![CDATA[java.lang.AssertionError: Image is missing expected [true] but found [false]
at testngframework.Test_Case_2_Assertions.validateImage(Test_Case_2_Assertions.java:26)
at java.base/java.util.ArrayList.forEach(ArrayList.java:1596)
... Removed 28 stack frames]]>
    </failure>
  </testcase> <!-- validateImage -->
  <testcase classname="testngframework.Test_Case_2_Assertions" name="validateNumbers" time="0.005">
    <failure type="java.lang.AssertionError" message="Numbers are same expected [false] but found [true]">
      <![CDATA[java.lang.AssertionError: Numbers are same expected [false] but found [true]
at testngframework.Test_Case_2_Assertions.validateNumbers(Test_Case_2_Assertions.java:32)
at java.base/java.util.ArrayList.forEach(ArrayList.java:1596)
... Removed 28 stack frames]]>
    </failure>
  </testcase> <!-- validateNumbers -->
  <testcase classname="testngframework.Test_Case_2_Assertions" name="validateTitle" time="0.006">
    <failure type="java.lang.AssertionError" message="expected [Webuy.com] but found [Google.com]">
      <![CDATA[java.lang.AssertionError: expected [Webuy.com] but found [Google.com]
at testngframework.Test_Case_2_Assertions.validateTitle(Test_Case_2_Assertions.java:14)
at java.base/java.util.ArrayList.forEach(ArrayList.java:1596)
... Removed 31 stack frames]]>
    </failure>
  </testcase> <!-- validateTitle -->
  <testcase classname="testngframework.Test_Case_2_Assertions" name="validateUN" time="0.001">
    <failure type="java.lang.AssertionError" message="Username is different">
      <![CDATA[java.lang.AssertionError: Username is different
at testngframework.Test_Case_2_Assertions.validateUN(Test_Case_2_Assertions.java:20)
at java.base/java.util.ArrayList.forEach(ArrayList.java:1596)
... Removed 26 stack frames]]>
    </failure>
  </testcase> <!-- validateUN -->
</testsuite> <!-- Assertions -->
