<html>
<head>
<title>TestNG:  Validate TestDependencies</title>
<link href="../testng.css" rel="stylesheet" type="text/css" />
<link href="../my-testng.css" rel="stylesheet" type="text/css" />

<style type="text/css">
.log { display: none;} 
.stack-trace { display: none;} 
</style>
<script type="text/javascript">
<!--
function flip(e) {
  current = e.style.display;
  if (current == 'block') {
    e.style.display = 'none';
    return 0;
  }
  else {
    e.style.display = 'block';
    return 1;
  }
}

function toggleBox(szDivId, elem, msg1, msg2)
{
  var res = -1;  if (document.getElementById) {
    res = flip(document.getElementById(szDivId));
  }
  else if (document.all) {
    // this is the way old msie versions work
    res = flip(document.all[szDivId]);
  }
  if(elem) {
    if(res == 0) elem.innerHTML = msg1; else elem.innerHTML = msg2;
  }

}

function toggleAllBoxes() {
  if (document.getElementsByTagName) {
    d = document.getElementsByTagName('div');
    for (i = 0; i < d.length; i++) {
      if (d[i].className == 'log') {
        flip(d[i]);
      }
    }
  }
}

// -->
</script>

</head>
<body>
<h2 align='center'>Validate TestDependencies</h2><table border='1' align="center">
<tr>
<td>Tests passed/Failed/Skipped:</td><td>2/1/1</td>
</tr><tr>
<td>Started on:</td><td>Thu Mar 27 00:23:21 IST 2025</td>
</tr>
<tr><td>Total time:</td><td>0 seconds (15 ms)</td>
</tr><tr>
<td>Included groups:</td><td></td>
</tr><tr>
<td>Excluded groups:</td><td></td>
</tr>
</table><p/>
<small><i>(Hover the method name to see the test class name)</i></small><p/>
<table width='100%' border='1' class='invocation-failed'>
<tr><td colspan='4' align='center'><b>FAILED TESTS</b></td></tr>
<tr><td><b>Test method</b></td>
<td width="30%"><b>Exception</b></td>
<td width="10%"><b>Time (seconds)</b></td>
<td><b>Instance</b></td>
</tr>
<tr>
<td title='testngframeworkbasics.Test_Case_4_TestDependencies.doSignUp()'><b>doSignUp</b><br>Test class: testngframeworkbasics.Test_Case_4_TestDependencies<br/>
<a href="#Output-1101048445" onClick='toggleBox("Output-1101048445", this, "Show output", "Hide output");'>Show output</a>

<a href="#Output-1101048445" onClick="toggleAllBoxes();">Show all outputs</a>
<div class='log' id="Output-1101048445">
<a href="C:\Users\pthakare\Selenium Testing\eclipse-workspace\SeleniumTesting\screenshots\page.png" target="_blank">Screenshot Captured !!!</a><br/>
<br><br/>
<a href="C:\Users\pthakare\Selenium Testing\eclipse-workspace\SeleniumTesting\screenshots\page.png" target="_blank"><img height=200 width=200 src="C:\Users\pthakare\Selenium Testing\eclipse-workspace\SeleniumTesting\screenshots\page.png"></a><br/>
</div>
</td>
<td><div><pre>java.lang.AssertionError: User registration unsuccessful
	at testngframeworkbasics.Test_Case_4_TestDependencies.doSignUp(Test_Case_4_TestDependencies.java:19)
	at java.base/java.util.ArrayList.forEach(ArrayList.java:1596)
... Removed 27 stack frames</pre></div><a href='#' onClick='toggleBox("stack-trace1101048445", this, "Click to show all stack frames", "Click to hide stack frames")'>Click to show all stack frames</a>
<div class='stack-trace' id='stack-trace1101048445'><pre>java.lang.AssertionError: User registration unsuccessful
	at org.testng.Assert.fail(Assert.java:99)
	at testngframeworkbasics.Test_Case_4_TestDependencies.doSignUp(Test_Case_4_TestDependencies.java:19)
	at java.base/jdk.internal.reflect.DirectMethodHandleAccessor.invoke(DirectMethodHandleAccessor.java:103)
	at java.base/java.lang.reflect.Method.invoke(Method.java:580)
	at org.testng.internal.MethodInvocationHelper.invokeMethod(MethodInvocationHelper.java:133)
	at org.testng.internal.TestInvoker.invokeMethod(TestInvoker.java:598)
	at org.testng.internal.TestInvoker.invokeTestMethod(TestInvoker.java:173)
	at org.testng.internal.MethodRunner.runInSequence(MethodRunner.java:46)
	at org.testng.internal.TestInvoker$MethodInvocationAgent.invoke(TestInvoker.java:824)
	at org.testng.internal.TestInvoker.invokeTestMethods(TestInvoker.java:146)
	at org.testng.internal.TestMethodWorker.invokeTestMethods(TestMethodWorker.java:146)
	at org.testng.internal.TestMethodWorker.run(TestMethodWorker.java:128)
	at java.base/java.util.ArrayList.forEach(ArrayList.java:1596)
	at org.testng.TestRunner.privateRun(TestRunner.java:794)
	at org.testng.TestRunner.run(TestRunner.java:596)
	at org.testng.SuiteRunner.runTest(SuiteRunner.java:377)
	at org.testng.SuiteRunner.runSequentially(SuiteRunner.java:371)
	at org.testng.SuiteRunner.privateRun(SuiteRunner.java:332)
	at org.testng.SuiteRunner.run(SuiteRunner.java:276)
	at org.testng.SuiteRunnerWorker.runSuite(SuiteRunnerWorker.java:53)
	at org.testng.SuiteRunnerWorker.run(SuiteRunnerWorker.java:96)
	at org.testng.TestNG.runSuitesSequentially(TestNG.java:1212)
	at org.testng.TestNG.runSuitesSequentially(TestNG.java:1207)
	at org.testng.TestNG.runSuitesLocally(TestNG.java:1134)
	at org.testng.TestNG.runSuites(TestNG.java:1063)
	at org.testng.TestNG.run(TestNG.java:1031)
	at org.testng.remote.AbstractRemoteTestNG.run(AbstractRemoteTestNG.java:115)
	at org.testng.remote.RemoteTestNG.initAndRun(RemoteTestNG.java:293)
	at org.testng.remote.RemoteTestNG.main(RemoteTestNG.java:91)
</pre></div></td>
<td>0</td>
<td>testngframeworkbasics.Test_Case_4_TestDependencies@757acd7b</td></tr>
</table><p>
<table width='100%' border='1' class='invocation-passed'>
<tr><td colspan='4' align='center'><b>PASSED TESTS</b></td></tr>
<tr><td><b>Test method</b></td>
<td width="30%"><b>Exception</b></td>
<td width="10%"><b>Time (seconds)</b></td>
<td><b>Instance</b></td>
</tr>
<tr>
<td title='testngframeworkbasics.Test_Case_4_TestDependencies.turnOnDB()'><b>turnOnDB</b><br>Test class: testngframeworkbasics.Test_Case_4_TestDependencies<br/>
<a href="#Output-252277567" onClick='toggleBox("Output-252277567", this, "Show output", "Hide output");'>Show output</a>

<a href="#Output-252277567" onClick="toggleAllBoxes();">Show all outputs</a>
<div class='log' id="Output-252277567">
<a href="C:\Users\pthakare\Selenium Testing\eclipse-workspace\SeleniumTesting\screenshots\name.png"> Test Evidence</a><br/>
</div>
</td>
<td></td>
<td>0</td>
<td>testngframeworkbasics.Test_Case_4_TestDependencies@757acd7b</td></tr>
<tr>
<td title='testngframeworkbasics.Test_Case_4_TestDependencies.turnOffDB()'><b>turnOffDB</b><br>Test class: testngframeworkbasics.Test_Case_4_TestDependencies<br/>
<a href="#Output-33533830" onClick='toggleBox("Output-33533830", this, "Show output", "Hide output");'>Show output</a>

<a href="#Output-33533830" onClick="toggleAllBoxes();">Show all outputs</a>
<div class='log' id="Output-33533830">
<a href="C:\Users\pthakare\Selenium Testing\eclipse-workspace\SeleniumTesting\screenshots\name.png"> Test Evidence</a><br/>
</div>
</td>
<td></td>
<td>0</td>
<td>testngframeworkbasics.Test_Case_4_TestDependencies@757acd7b</td></tr>
</table><p>
<table width='100%' border='1' class='invocation-skipped'>
<tr><td colspan='4' align='center'><b>SKIPPED TESTS</b></td></tr>
<tr><td><b>Test method</b></td>
<td width="30%"><b>Exception</b></td>
<td width="10%"><b>Time (seconds)</b></td>
<td><b>Instance</b></td>
</tr>
<tr>
<td title='testngframeworkbasics.Test_Case_4_TestDependencies.doLogin()'><b>doLogin</b><br>Test class: testngframeworkbasics.Test_Case_4_TestDependencies<br/>
<a href="#Output-20853837" onClick='toggleBox("Output-20853837", this, "Show output", "Hide output");'>Show output</a>

<a href="#Output-20853837" onClick="toggleAllBoxes();">Show all outputs</a>
<div class='log' id="Output-20853837">
Test case skipped !!<br/>
</div>
</td>
<td><div><pre>java.lang.Throwable: Method Test_Case_4_TestDependencies.doLogin()[pri:3, instance:testngframeworkbasics.Test_Case_4_TestDependencies@757acd7b] depends on not successfully finished methods
	at java.base/java.util.ArrayList.forEach(ArrayList.java:1596)
... Removed 19 stack frames</pre></div><a href='#' onClick='toggleBox("stack-trace20853837", this, "Click to show all stack frames", "Click to hide stack frames")'>Click to show all stack frames</a>
<div class='stack-trace' id='stack-trace20853837'><pre>java.lang.Throwable: Method Test_Case_4_TestDependencies.doLogin()[pri:3, instance:testngframeworkbasics.Test_Case_4_TestDependencies@757acd7b] depends on not successfully finished methods
	at org.testng.internal.TestInvoker.invokeTestMethods(TestInvoker.java:102)
	at org.testng.internal.TestMethodWorker.invokeTestMethods(TestMethodWorker.java:146)
	at org.testng.internal.TestMethodWorker.run(TestMethodWorker.java:128)
	at java.base/java.util.ArrayList.forEach(ArrayList.java:1596)
	at org.testng.TestRunner.privateRun(TestRunner.java:794)
	at org.testng.TestRunner.run(TestRunner.java:596)
	at org.testng.SuiteRunner.runTest(SuiteRunner.java:377)
	at org.testng.SuiteRunner.runSequentially(SuiteRunner.java:371)
	at org.testng.SuiteRunner.privateRun(SuiteRunner.java:332)
	at org.testng.SuiteRunner.run(SuiteRunner.java:276)
	at org.testng.SuiteRunnerWorker.runSuite(SuiteRunnerWorker.java:53)
	at org.testng.SuiteRunnerWorker.run(SuiteRunnerWorker.java:96)
	at org.testng.TestNG.runSuitesSequentially(TestNG.java:1212)
	at org.testng.TestNG.runSuitesSequentially(TestNG.java:1207)
	at org.testng.TestNG.runSuitesLocally(TestNG.java:1134)
	at org.testng.TestNG.runSuites(TestNG.java:1063)
	at org.testng.TestNG.run(TestNG.java:1031)
	at org.testng.remote.AbstractRemoteTestNG.run(AbstractRemoteTestNG.java:115)
	at org.testng.remote.RemoteTestNG.initAndRun(RemoteTestNG.java:293)
	at org.testng.remote.RemoteTestNG.main(RemoteTestNG.java:91)
</pre></div></td>
<td>0</td>
<td>testngframeworkbasics.Test_Case_4_TestDependencies@757acd7b</td></tr>
</table><p>
</body>
</html>