<?xml version="1.0" encoding="UTF-8"?>
<!-- Generated by org.testng.reporters.JUnitXMLReporter -->
<testsuite ignored="0" hostname="INSUPLTQAPT" failures="1" tests="1" name="NewCustomerCreation" time="0.455" errors="0" timestamp="2024-10-13T17:04:46 IST">
  <testcase classname="testcases.NewCustomerCreation" name="addCustomer" time="0.438">
    <failure type="java.lang.AssertionError" message="Failing new customer test focefully">
      <![CDATA[java.lang.AssertionError: Failing new customer test focefully
at testcases.NewCustomerCreation.addCustomer(NewCustomerCreation.java:29)
at java.base/java.util.ArrayList.forEach(ArrayList.java:1596)
... Removed 26 stack frames]]>
    </failure>
  </testcase> <!-- addCustomer -->
</testsuite> <!-- NewCustomerCreation -->
